[INFO ] 2023-01-11 21:56:40.885 [main] Log - chrome launched
[INFO ] 2023-01-11 21:56:46.257 [main] Log - Welcome to target
[INFO ] 2023-01-11 21:56:54.097 [main] Log - do login to FB
[INFO ] 2023-01-11 21:56:54.105 [main] Log - rihad23@gmail.com  546546gfg
[INFO ] 2023-01-11 21:57:01.298 [main] Log - do login to FB
[INFO ] 2023-01-11 21:57:01.299 [main] Log - experauto@yahoo.com 8645896fg
[INFO ] 2023-01-11 21:57:07.572 [main] Log - do login to FB
[INFO ] 2023-01-11 21:57:07.574 [main] Log - rihad22@hotmail.com 798shdfgjsf
[INFO ] 2023-01-11 21:59:18.656 [main] Log - chrome launched
[INFO ] 2023-01-11 21:59:23.909 [main] Log - Welcome to target
[INFO ] 2023-01-11 21:59:31.698 [main] Log - do login to FB
[INFO ] 2023-01-11 21:59:31.703 [main] Log - rihad23@gmail.com  546546gfg
[INFO ] 2023-01-11 21:59:37.905 [main] Log - do login to FB
[INFO ] 2023-01-11 21:59:37.909 [main] Log - experauto@yahoo.com 8645896fg
[INFO ] 2023-01-11 21:59:44.133 [main] Log - do login to FB
[INFO ] 2023-01-11 21:59:44.136 [main] Log - rihad22@hotmail.com 798shdfgjsf
[INFO ] 2023-01-11 21:59:48.318 [main] Log - driver quit
[INFO ] 2023-01-17 18:56:24.461 [main] Log - chrome launched
[INFO ] 2023-01-17 18:56:30.183 [main] Log - Welcome to  Facebook - log in or sign up
[INFO ] 2023-01-17 18:56:30.678 [main] Log - Connection Eshtablished
[INFO ] 2023-01-17 18:56:30.706 [main] Log - Hanari Carnes
[INFO ] 2023-01-17 18:56:30.706 [main] Log - Hanari Carnes
[INFO ] 2023-01-17 18:56:30.706 [main] Log - Syed Ali
[INFO ] 2023-01-17 18:56:30.706 [main] Log - Syed Ali
[INFO ] 2023-01-17 18:56:30.706 [main] Log - Sumit
[INFO ] 2023-01-17 18:56:30.706 [main] Log - Sumit
[INFO ] 2023-01-17 18:56:30.706 [main] Log - Yusuf
[INFO ] 2023-01-17 18:56:30.706 [main] Log - Yusuf
[INFO ] 2023-01-17 18:56:30.706 [main] Log - rhasan
[INFO ] 2023-01-17 18:56:30.706 [main] Log - rhasan
[INFO ] 2023-01-17 18:56:30.707 [main] Log - Amer itani
[INFO ] 2023-01-17 18:56:30.708 [main] Log - Amer itani
[INFO ] 2023-01-17 18:56:34.964 [main] Log - driver quit
